SF:lib\data\models\genre_model.dart
DA:5,1
DA:13,2
DA:14,1
DA:15,1
DA:18,2
DA:19,1
DA:20,1
DA:23,1
DA:24,3
DA:27,1
DA:28,3
LF:11
LH:11
end_of_record
SF:lib\domain\entities\genre.dart
DA:4,2
DA:12,1
DA:13,3
LF:3
LH:3
end_of_record
SF:lib\utils\connection.dart
DA:8,1
DA:9,1
DA:10,2
DA:14,1
DA:15,3
DA:16,1
DA:17,1
DA:18,1
DA:22,1
DA:23,2
DA:26,1
DA:28,1
DA:29,2
DA:32,0
DA:34,0
DA:36,0
DA:39,0
LF:17
LH:13
end_of_record
SF:lib\utils\network_info.dart
DA:10,1
DA:12,1
DA:13,2
LF:3
LH:3
end_of_record
SF:lib\presentation\watchlist_bloc\watchlist_movie_state.dart
DA:4,1
DA:6,1
DA:7,1
DA:17,1
DA:19,1
DA:20,2
DA:26,1
DA:28,1
DA:29,2
LF:9
LH:9
end_of_record
SF:lib\presentation\watchlist_bloc\watchlist_movie_event.dart
DA:4,1
DA:8,1
DA:9,1
LF:3
LH:3
end_of_record
SF:lib\presentation\watchlist_bloc\watchlist_movie_bloc.dart
DA:12,3
DA:13,2
DA:14,2
DA:16,3
DA:17,1
DA:18,2
DA:19,2
DA:21,2
DA:22,1
LF:9
LH:9
end_of_record
SF:lib\presentation\watchlist_bloc\watchlist_tv_state.dart
DA:4,1
DA:6,1
DA:7,1
DA:17,1
DA:19,1
DA:20,2
DA:26,1
DA:28,1
DA:29,2
LF:9
LH:9
end_of_record
SF:lib\presentation\watchlist_bloc\watchlist_tv_bloc.dart
DA:11,3
DA:12,2
DA:13,2
DA:15,3
DA:16,1
DA:17,2
DA:18,2
DA:20,2
DA:21,1
LF:9
LH:9
end_of_record
SF:lib\presentation\watchlist_bloc\watchlist_tv_event.dart
DA:4,1
DA:8,1
DA:9,1
LF:3
LH:3
end_of_record
SF:lib\utils\failure.dart
DA:6,2
DA:8,1
DA:9,2
DA:13,2
DA:17,2
DA:21,4
DA:25,0
LF:7
LH:6
end_of_record
SF:lib\data\datasources\db\database_helper.dart
DA:11,0
DA:15,0
DA:19,0
DA:21,0
DA:31,0
DA:32,0
DA:33,0
DA:35,0
DA:38,0
DA:39,0
DA:44,0
DA:45,0
DA:52,0
DA:53,0
DA:60,0
DA:61,0
DA:69,0
DA:70,0
DA:78,0
DA:82,0
DA:86,0
DA:87,0
DA:88,0
DA:89,0
DA:90,0
DA:91,0
DA:100,0
DA:101,0
DA:102,0
DA:105,0
DA:111,0
DA:112,0
DA:113,0
DA:116,0
DA:120,0
DA:121,0
DA:122,0
DA:125,0
DA:126,0
DA:127,0
DA:130,0
DA:134,0
DA:135,0
DA:136,0
DA:139,0
DA:142,0
DA:143,0
DA:149,0
DA:150,0
DA:152,0
DA:159,0
DA:161,0
DA:162,0
DA:163,0
DA:164,0
DA:165,0
DA:166,0
DA:175,0
DA:176,0
DA:177,0
DA:180,0
DA:186,0
DA:187,0
DA:188,0
DA:191,0
DA:195,0
DA:196,0
DA:197,0
DA:200,0
DA:201,0
DA:202,0
DA:205,0
DA:209,0
DA:210,0
DA:211,0
DA:214,0
DA:217,0
DA:218,0
DA:224,0
DA:225,0
DA:226,0
LF:81
LH:0
end_of_record
SF:lib\utils\exception.dart
DA:6,1
DA:12,0
LF:2
LH:1
end_of_record
SF:lib\styles\text_styles.dart
DA:4,0
DA:6,0
DA:8,0
DA:10,0
DA:13,0
LF:5
LH:0
end_of_record
SF:lib\utils\state_enum.dart
DA:1,2
LF:1
LH:1
end_of_record
SF:lib\utils\encrypt.dart
DA:4,0
DA:5,0
DA:6,0
DA:8,0
DA:10,0
DA:12,0
LF:6
LH:0
end_of_record
