SF:lib\data\models\genre_model.dart
DA:5,1
DA:13,2
DA:14,1
DA:15,1
DA:18,2
DA:19,1
DA:20,1
DA:23,1
DA:24,3
DA:27,1
DA:28,3
LF:11
LH:11
end_of_record
SF:lib\domain\entities\genre.dart
DA:4,1
DA:12,1
DA:13,3
LF:3
LH:3
end_of_record
SF:lib\data\datasources\db\database_helper.dart
DA:10,0
DA:14,0
DA:18,0
DA:20,0
DA:29,0
DA:30,0
DA:31,0
DA:33,0
DA:37,0
DA:38,0
DA:45,0
DA:46,0
DA:54,0
DA:55,0
DA:62,0
DA:66,0
DA:68,0
DA:69,0
DA:70,0
DA:71,0
DA:72,0
DA:73,0
DA:78,0
DA:79,0
DA:80,0
DA:83,0
DA:89,0
DA:90,0
DA:91,0
DA:94,0
DA:98,0
DA:99,0
DA:100,0
DA:103,0
DA:104,0
DA:105,0
DA:108,0
DA:112,0
DA:113,0
DA:114,0
DA:117,0
DA:120,0
DA:121,0
DA:127,0
DA:128,0
DA:129,0
DA:136,0
DA:137,0
DA:138,0
DA:141,0
DA:142,0
DA:143,0
DA:146,0
DA:150,0
DA:151,0
DA:152,0
DA:155,0
DA:158,0
DA:159,0
DA:165,0
DA:166,0
DA:167,0
LF:62
LH:0
end_of_record
SF:lib\utils\exception.dart
DA:6,0
DA:12,0
LF:2
LH:0
end_of_record
SF:lib\utils\failure.dart
DA:6,1
DA:8,0
DA:9,0
DA:13,0
DA:17,0
DA:21,2
DA:25,0
LF:7
LH:2
end_of_record
SF:lib\styles\text_styles.dart
DA:4,0
DA:6,0
DA:8,0
DA:10,0
DA:13,0
LF:5
LH:0
end_of_record
SF:lib\utils\network_info.dart
DA:10,0
DA:12,0
DA:13,0
LF:3
LH:0
end_of_record
SF:lib\utils\state_enum.dart
DA:1,2
LF:1
LH:1
end_of_record
SF:lib\presentation\watchlist_bloc\watchlist_movie_state.dart
DA:4,1
DA:6,1
DA:7,1
DA:17,1
DA:19,1
DA:20,2
DA:26,1
DA:28,1
DA:29,2
LF:9
LH:9
end_of_record
SF:lib\presentation\watchlist_bloc\watchlist_movie_event.dart
DA:4,1
DA:8,1
DA:9,1
LF:3
LH:3
end_of_record
SF:lib\presentation\watchlist_bloc\watchlist_movie_bloc.dart
DA:12,3
DA:13,2
DA:14,2
DA:16,3
DA:17,1
DA:18,2
DA:19,2
DA:21,2
DA:22,1
LF:9
LH:9
end_of_record
SF:lib\presentation\watchlist_bloc\watchlist_tv_state.dart
DA:4,1
DA:6,1
DA:7,1
DA:17,1
DA:19,1
DA:20,2
DA:26,1
DA:28,1
DA:29,2
LF:9
LH:9
end_of_record
SF:lib\presentation\watchlist_bloc\watchlist_tv_bloc.dart
DA:11,3
DA:12,2
DA:13,2
DA:15,3
DA:16,1
DA:17,2
DA:18,2
DA:20,2
DA:21,1
LF:9
LH:9
end_of_record
SF:lib\presentation\watchlist_bloc\watchlist_tv_event.dart
DA:4,1
DA:8,1
DA:9,1
LF:3
LH:3
end_of_record
