SF:lib\domain\usecases\search_movies.dart
DA:8,1
DA:10,1
DA:11,2
LF:3
LH:3
end_of_record
SF:lib\domain\usecases\search_tv.dart
DA:7,1
DA:9,1
DA:10,2
LF:3
LH:3
end_of_record
SF:lib\domain\usecases\search_movies.dart
DA:8,0
DA:10,0
DA:11,0
LF:3
LH:0
end_of_record
SF:lib\presentation\bloc\search_movie_state.dart
DA:4,2
DA:6,1
DA:7,1
DA:17,1
DA:19,1
DA:20,2
DA:26,0
DA:28,0
DA:29,0
DA:35,1
DA:37,1
DA:38,2
LF:12
LH:9
end_of_record
SF:lib\presentation\bloc\search_movie_event.dart
DA:4,1
DA:6,0
DA:7,0
DA:13,1
DA:15,0
DA:16,0
LF:6
LH:2
end_of_record
SF:lib\presentation\bloc\search_movie_bloc.dart
DA:12,3
DA:13,1
DA:14,1
DA:15,1
DA:17,1
DA:18,0
DA:20,2
DA:21,3
DA:22,1
DA:23,4
DA:24,3
DA:28,1
DA:32,1
DA:33,3
LF:14
LH:13
end_of_record
SF:lib\domain\usecases\search_tv.dart
DA:7,0
DA:9,0
DA:10,0
LF:3
LH:0
end_of_record
SF:lib\presentation\bloc\search_tv_state.dart
DA:4,2
DA:6,1
DA:7,1
DA:17,1
DA:19,1
DA:20,2
DA:26,0
DA:28,0
DA:29,0
DA:35,1
DA:37,1
DA:38,2
LF:12
LH:9
end_of_record
SF:lib\presentation\bloc\search_tv_bloc.dart
DA:12,3
DA:13,1
DA:14,1
DA:15,1
DA:17,1
DA:18,0
DA:20,2
DA:21,3
DA:22,1
DA:23,4
DA:24,3
DA:28,1
DA:32,1
DA:33,3
LF:14
LH:13
end_of_record
SF:lib\presentation\bloc\search_tv_event.dart
DA:4,1
DA:6,0
DA:7,0
DA:13,1
DA:15,0
DA:16,0
LF:6
LH:2
end_of_record
SF:lib\presentation\pages\search_page.dart
DA:13,1
DA:15,1
DA:16,1
DA:17,1
DA:19,1
DA:20,1
DA:21,1
DA:22,1
DA:23,1
DA:24,0
DA:25,0
DA:26,0
DA:28,1
DA:30,1
DA:31,1
DA:35,1
DA:36,1
DA:38,1
DA:40,1
DA:41,1
DA:42,1
DA:43,1
DA:44,1
DA:45,1
DA:48,0
DA:49,0
DA:50,0
DA:53,0
DA:54,0
DA:55,0
DA:56,0
DA:58,0
DA:60,0
DA:61,0
DA:62,0
DA:64,0
DA:65,0
DA:66,0
DA:69,0
DA:73,1
DA:75,1
DA:77,1
DA:78,1
DA:79,1
DA:80,1
DA:81,1
DA:83,0
DA:84,0
DA:85,0
DA:88,0
DA:89,0
DA:90,0
DA:91,0
DA:93,0
DA:95,0
DA:96,0
DA:97,0
DA:99,0
DA:100,0
DA:101,0
DA:104,0
LF:61
LH:28
end_of_record
