SF:lib\data\models\tv_detail_model.dart
DA:8,3
DA:60,4
DA:61,2
DA:62,8
DA:63,2
DA:64,2
DA:65,8
DA:66,2
DA:67,2
DA:68,2
DA:69,2
DA:70,2
DA:71,4
DA:73,2
DA:74,2
DA:75,4
DA:77,2
DA:78,2
DA:79,2
DA:80,2
DA:81,2
DA:82,4
DA:83,2
DA:84,2
DA:85,8
DA:86,2
DA:87,2
DA:88,2
DA:89,4
DA:90,2
DA:93,2
DA:94,1
DA:95,4
DA:96,1
DA:97,5
DA:98,1
DA:99,1
DA:100,1
DA:101,1
DA:102,2
DA:103,1
DA:104,2
DA:105,1
DA:106,1
DA:107,1
DA:108,1
DA:109,1
DA:110,1
DA:111,1
DA:112,5
DA:113,1
DA:114,1
DA:115,1
DA:116,1
DA:117,1
DA:120,2
DA:121,2
DA:122,2
DA:123,2
DA:124,2
DA:125,10
DA:126,2
DA:127,2
DA:128,2
DA:129,2
DA:130,4
DA:131,2
DA:132,4
DA:133,2
DA:134,2
DA:135,2
DA:136,2
DA:137,2
DA:138,2
DA:139,2
DA:140,10
DA:141,2
DA:142,2
DA:143,2
DA:144,2
DA:145,2
DA:149,2
DA:150,2
DA:151,2
DA:152,2
DA:153,2
DA:154,2
DA:155,2
DA:156,2
DA:157,2
DA:158,2
DA:159,2
DA:160,2
DA:161,2
DA:162,2
DA:163,2
DA:164,2
DA:165,2
DA:166,2
DA:167,2
DA:168,2
DA:169,2
DA:170,2
DA:171,2
DA:172,2
DA:173,2
DA:174,2
LF:107
LH:107
end_of_record
SF:lib\data\models\tv_season_model.dart
DA:7,3
DA:27,4
DA:28,2
DA:29,2
DA:30,2
DA:31,8
DA:32,2
DA:33,2
DA:34,2
DA:35,2
DA:36,2
DA:39,2
DA:40,1
DA:41,1
DA:42,5
DA:43,1
DA:44,1
DA:45,1
DA:46,1
DA:47,1
DA:49,4
DA:50,2
DA:51,2
DA:52,10
DA:53,2
DA:54,2
DA:55,2
DA:56,2
DA:57,2
DA:60,2
DA:61,2
DA:62,2
DA:63,2
DA:64,2
DA:65,2
DA:66,2
DA:67,2
DA:68,2
DA:69,2
LF:39
LH:39
end_of_record
SF:lib\data\models\tv_episode_model.dart
DA:7,4
DA:31,6
DA:32,3
DA:33,3
DA:34,12
DA:35,3
DA:36,3
DA:37,12
DA:38,3
DA:39,3
DA:40,3
DA:41,3
DA:42,3
DA:43,3
DA:46,4
DA:47,2
DA:48,10
DA:49,2
DA:50,10
DA:51,2
DA:52,2
DA:53,2
DA:54,2
DA:55,2
DA:56,2
DA:59,3
DA:60,3
DA:61,3
DA:62,15
DA:63,3
DA:64,15
DA:65,3
DA:66,3
DA:67,3
DA:68,3
DA:69,3
DA:70,3
DA:74,3
DA:75,3
DA:76,3
DA:77,3
DA:78,3
DA:79,3
DA:80,3
DA:81,3
DA:82,3
DA:83,3
DA:84,3
DA:85,3
LF:49
LH:49
end_of_record
SF:lib\data\datasources\tv_remote_data_source.dart
DA:29,1
DA:32,1
DA:33,5
DA:35,2
DA:36,3
DA:38,1
DA:43,1
DA:45,5
DA:46,2
DA:47,4
DA:49,1
DA:54,1
DA:56,5
DA:58,2
DA:59,4
DA:61,1
DA:66,1
DA:68,5
DA:70,2
DA:71,4
DA:73,1
DA:78,1
DA:79,2
DA:80,3
DA:82,2
DA:83,4
DA:85,1
DA:90,1
DA:91,2
DA:92,3
DA:93,2
DA:94,3
DA:96,1
DA:101,1
DA:103,4
DA:104,1
DA:105,2
DA:106,3
DA:108,1
DA:113,1
DA:114,2
DA:115,3
DA:117,2
DA:118,4
DA:120,1
LF:45
LH:45
end_of_record
SF:lib\data\datasources\tv_local_data_source.dart
DA:17,1
DA:20,1
DA:22,3
DA:25,2
DA:30,1
DA:32,3
DA:35,2
DA:40,1
DA:41,3
DA:43,1
DA:50,1
DA:51,3
DA:52,4
DA:56,1
DA:57,3
DA:58,3
DA:62,1
DA:63,3
DA:64,2
DA:65,4
DA:67,1
LF:21
LH:21
end_of_record
SF:lib\data\models\tv_table_model.dart
DA:8,3
DA:20,2
DA:21,1
DA:22,1
DA:23,1
DA:24,1
DA:27,2
DA:28,1
DA:29,1
DA:30,1
DA:31,1
DA:34,2
DA:35,1
DA:36,1
DA:37,1
DA:38,1
DA:41,2
DA:42,1
DA:43,1
DA:44,1
DA:45,1
DA:48,2
DA:49,1
DA:50,1
DA:51,1
DA:52,1
DA:55,2
DA:56,2
DA:57,2
DA:58,2
DA:59,2
DA:60,2
LF:32
LH:32
end_of_record
SF:lib\data\models\tv_model.dart
DA:5,4
DA:35,4
DA:36,2
DA:38,4
DA:39,2
DA:40,8
DA:41,2
DA:42,2
DA:43,2
DA:44,2
DA:45,8
DA:46,2
DA:47,4
DA:48,4
DA:49,2
DA:52,2
DA:53,1
DA:54,1
DA:55,1
DA:56,4
DA:57,1
DA:58,1
DA:59,1
DA:60,1
DA:61,1
DA:62,1
DA:63,1
DA:64,1
DA:65,1
DA:68,2
DA:69,2
DA:70,2
DA:71,2
DA:72,2
DA:73,2
DA:74,2
DA:75,2
DA:76,2
DA:77,2
DA:78,2
DA:79,2
DA:80,2
DA:81,2
DA:82,2
DA:86,2
DA:87,2
DA:88,2
DA:89,2
DA:90,2
DA:91,2
DA:92,2
DA:93,2
DA:94,2
DA:95,2
DA:96,2
DA:97,2
DA:98,2
DA:99,2
DA:100,2
LF:59
LH:59
end_of_record
SF:lib\data\models\tv_response.dart
DA:5,2
DA:9,4
DA:10,2
DA:11,2
DA:12,6
DA:13,6
DA:16,2
DA:17,5
DA:20,1
DA:21,2
LF:10
LH:10
end_of_record
SF:lib\data\models\tv_createdby_model.dart
DA:5,0
DA:19,0
DA:20,0
DA:21,0
DA:22,0
DA:23,0
DA:24,0
DA:27,0
DA:28,0
DA:29,0
DA:30,0
DA:31,0
DA:32,0
DA:35,0
DA:36,0
DA:37,0
DA:38,0
DA:39,0
DA:40,0
DA:43,0
DA:44,0
DA:45,0
DA:46,0
DA:47,0
DA:48,0
DA:49,0
LF:26
LH:0
end_of_record
SF:lib\domain\entities\tv_create_by.dart
DA:4,0
DA:18,0
DA:19,0
DA:20,0
DA:21,0
DA:22,0
DA:23,0
DA:24,0
LF:8
LH:0
end_of_record
SF:lib\data\models\tv_crew_model.dart
DA:5,5
DA:21,8
DA:22,4
DA:23,4
DA:24,4
DA:25,4
DA:26,4
DA:27,4
DA:30,6
DA:31,3
DA:32,3
DA:33,3
DA:34,3
DA:35,3
DA:36,3
DA:38,4
DA:39,4
DA:40,4
DA:41,4
DA:42,4
DA:43,4
DA:44,4
DA:45,4
DA:49,4
DA:50,4
DA:51,4
DA:52,4
DA:53,4
DA:54,4
DA:55,4
DA:56,4
LF:31
LH:31
end_of_record
SF:lib\domain\entities\tv_crew.dart
DA:4,6
DA:20,4
DA:21,4
DA:22,4
DA:23,4
DA:24,4
DA:25,4
DA:26,4
DA:27,4
LF:9
LH:9
end_of_record
SF:lib\data\models\tv_episodes_detail_model.dart
DA:5,4
DA:21,3
DA:22,3
DA:23,3
DA:24,3
DA:25,3
DA:26,3
DA:27,3
DA:28,3
DA:31,4
DA:32,2
DA:33,2
DA:34,2
DA:35,2
DA:36,2
DA:37,2
DA:40,3
DA:41,3
DA:42,3
DA:43,3
DA:44,3
DA:45,3
DA:46,3
DA:47,3
DA:51,3
DA:52,3
DA:53,3
DA:54,3
DA:55,3
DA:56,3
DA:57,3
DA:58,3
LF:32
LH:32
end_of_record
SF:lib\data\models\tv_season_detail_model.dart
DA:5,4
DA:23,3
DA:24,3
DA:25,3
DA:26,3
DA:27,3
DA:28,3
DA:29,3
DA:30,3
DA:31,3
DA:34,4
DA:35,2
DA:36,2
DA:37,2
DA:38,2
DA:39,2
DA:40,2
DA:41,2
DA:43,3
DA:44,3
DA:45,3
DA:46,3
DA:47,3
DA:48,3
DA:49,3
DA:50,3
DA:51,3
DA:55,3
DA:56,3
DA:57,3
DA:58,3
DA:59,3
DA:60,3
DA:61,3
DA:62,3
DA:63,3
LF:36
LH:36
end_of_record
SF:lib\domain\entities\tv_detail.dart
DA:7,7
DA:59,3
DA:60,3
DA:61,3
DA:62,3
DA:63,3
DA:64,3
DA:65,3
DA:66,3
DA:67,3
DA:68,3
DA:69,3
DA:70,3
DA:71,3
DA:72,3
DA:73,3
DA:74,3
DA:75,3
DA:76,3
DA:77,3
DA:78,3
DA:79,3
DA:80,3
DA:81,3
DA:82,3
DA:83,3
DA:84,3
LF:27
LH:27
end_of_record
SF:lib\data\models\tv_guest_star_model.dart
DA:5,5
DA:21,8
DA:22,4
DA:23,4
DA:24,4
DA:25,4
DA:26,4
DA:27,4
DA:30,6
DA:31,3
DA:32,3
DA:33,3
DA:34,3
DA:35,3
DA:36,3
DA:39,4
DA:40,4
DA:41,4
DA:42,4
DA:43,4
DA:44,4
DA:45,4
DA:46,4
DA:50,4
DA:51,4
DA:52,4
DA:53,4
DA:54,4
DA:55,4
DA:56,4
DA:57,4
LF:31
LH:31
end_of_record
SF:lib\domain\entities\tv_episode.dart
DA:6,5
DA:29,3
DA:30,3
DA:31,3
DA:32,3
DA:33,3
DA:34,3
DA:35,3
DA:36,3
DA:37,3
DA:38,3
DA:39,3
DA:40,3
LF:13
LH:13
end_of_record
SF:lib\domain\entities\tv_episodes_detail.dart
DA:4,8
DA:20,4
DA:21,4
DA:22,4
DA:23,4
DA:24,4
DA:25,4
DA:26,4
DA:27,4
LF:9
LH:9
end_of_record
SF:lib\domain\entities\tv_guest_stars.dart
DA:4,6
DA:20,4
DA:21,4
DA:22,4
DA:23,4
DA:24,4
DA:25,4
DA:26,4
DA:27,4
LF:9
LH:9
end_of_record
SF:lib\domain\entities\tv.dart
DA:5,12
DA:21,1
DA:42,8
DA:43,8
DA:44,8
DA:45,8
DA:46,8
DA:47,8
DA:48,8
DA:49,8
DA:50,8
DA:51,8
DA:52,8
DA:53,8
DA:54,8
DA:55,8
DA:56,8
LF:17
LH:17
end_of_record
SF:lib\data\models\tv_network_model.dart
DA:5,0
DA:17,0
DA:18,0
DA:19,0
DA:20,0
DA:21,0
DA:24,0
DA:25,0
DA:26,0
DA:27,0
DA:28,0
DA:31,0
DA:32,0
DA:33,0
DA:34,0
DA:35,0
DA:38,0
DA:39,0
DA:40,0
DA:41,0
DA:42,0
DA:43,0
LF:22
LH:0
end_of_record
SF:lib\domain\entities\tv_network.dart
DA:4,0
DA:16,0
DA:17,0
DA:18,0
DA:19,0
DA:20,0
DA:21,0
LF:7
LH:0
end_of_record
SF:lib\data\models\tv_production_country_model.dart
DA:5,0
DA:13,0
DA:14,0
DA:15,0
DA:16,0
DA:19,0
DA:20,0
DA:21,0
DA:24,0
DA:25,0
DA:26,0
DA:29,0
DA:30,0
DA:31,0
DA:32,0
LF:15
LH:0
end_of_record
SF:lib\domain\entities\tv_production_country.dart
DA:4,0
DA:11,0
DA:12,0
DA:13,0
DA:14,0
LF:5
LH:0
end_of_record
SF:lib\domain\entities\tv_season_detail.dart
DA:4,8
DA:22,4
DA:23,4
DA:24,4
DA:25,4
DA:26,4
DA:27,4
DA:28,4
DA:29,4
DA:30,4
LF:10
LH:10
end_of_record
SF:lib\domain\entities\tv_season.dart
DA:5,3
DA:24,2
DA:25,2
DA:26,2
DA:27,2
DA:28,2
DA:29,2
DA:30,2
DA:31,2
DA:32,2
DA:33,2
LF:11
LH:11
end_of_record
SF:lib\data\models\tv_spoken_language_model.dart
DA:5,0
DA:15,0
DA:16,0
DA:17,0
DA:18,0
DA:19,0
DA:22,0
DA:23,0
DA:24,0
DA:25,0
DA:28,0
DA:29,0
DA:30,0
DA:31,0
DA:34,0
DA:35,0
DA:36,0
DA:37,0
DA:38,0
LF:19
LH:0
end_of_record
SF:lib\domain\entities\tv_spoken_languages.dart
DA:4,0
DA:14,0
DA:15,0
DA:16,0
DA:17,0
DA:18,0
LF:6
LH:0
end_of_record
SF:lib\data\repositories\tv_repository_impl.dart
DA:20,1
DA:27,1
DA:28,3
DA:30,3
DA:31,2
DA:32,4
DA:34,5
DA:35,1
DA:36,2
DA:40,3
DA:41,5
DA:42,1
DA:43,3
DA:49,1
DA:51,3
DA:52,2
DA:53,1
DA:54,2
DA:55,1
DA:56,2
DA:61,1
DA:62,3
DA:64,3
DA:65,2
DA:66,4
DA:68,5
DA:69,1
DA:70,2
DA:74,3
DA:75,5
DA:76,1
DA:77,3
DA:83,1
DA:84,3
DA:86,3
DA:87,2
DA:88,4
DA:90,5
DA:91,1
DA:92,2
DA:96,3
DA:97,5
DA:98,1
DA:99,3
DA:105,1
DA:107,3
DA:108,3
DA:109,1
DA:110,2
DA:111,1
DA:112,2
DA:117,1
DA:118,3
DA:119,5
DA:123,1
DA:124,3
DA:129,1
DA:132,4
DA:133,1
DA:134,1
DA:135,3
DA:140,1
DA:143,4
DA:144,1
DA:145,1
DA:146,3
DA:153,1
DA:155,3
DA:156,5
DA:157,1
DA:158,2
DA:159,1
DA:160,2
DA:165,1
DA:168,3
DA:170,2
DA:171,1
DA:172,2
DA:173,1
DA:174,2
DA:179,1
DA:182,3
DA:183,2
DA:184,1
DA:185,2
DA:186,1
DA:187,2
LF:87
LH:87
end_of_record
SF:lib\domain\usecases\get_detail_tv.dart
DA:7,1
DA:9,1
DA:10,2
LF:3
LH:3
end_of_record
SF:lib\domain\usecases\get_episode_tv_detail.dart
DA:9,1
DA:11,1
DA:12,2
LF:3
LH:3
end_of_record
SF:lib\domain\usecases\get_popular_tv.dart
DA:7,1
DA:9,1
DA:10,2
LF:3
LH:3
end_of_record
SF:lib\domain\usecases\get_season_tv_detail.dart
DA:7,1
DA:9,1
DA:10,2
LF:3
LH:3
end_of_record
SF:lib\domain\usecases\get_top_rated_tv.dart
DA:7,1
DA:9,1
DA:10,2
LF:3
LH:3
end_of_record
SF:lib\domain\usecases\get_tv_airing_today.dart
DA:8,1
DA:10,1
DA:11,2
LF:3
LH:3
end_of_record
SF:lib\domain\usecases\get_tv_recommendations.dart
DA:7,1
DA:9,1
DA:10,2
LF:3
LH:3
end_of_record
SF:lib\domain\usecases\get_watchlist_tv.dart
DA:7,1
DA:9,1
DA:10,2
LF:3
LH:3
end_of_record
SF:lib\domain\usecases\get_watchlist_tv_status.dart
DA:5,1
DA:7,1
DA:8,2
LF:3
LH:3
end_of_record
SF:lib\domain\usecases\remove_watchlist_tv.dart
DA:7,1
DA:9,1
DA:10,2
LF:3
LH:3
end_of_record
SF:lib\domain\usecases\save_watchlist_tv.dart
DA:7,1
DA:9,1
DA:10,2
LF:3
LH:3
end_of_record
SF:lib\presentation\bloc\popular_tv_bloc\popular_tv_state.dart
DA:4,2
DA:6,1
DA:7,1
DA:17,2
DA:19,1
DA:20,2
DA:26,2
DA:28,1
DA:29,2
LF:9
LH:9
end_of_record
SF:lib\presentation\bloc\popular_tv_bloc\popular_tv_bloc.dart
DA:11,3
DA:12,2
DA:13,2
DA:15,3
DA:16,1
DA:17,2
DA:18,2
DA:20,2
DA:21,1
LF:9
LH:9
end_of_record
SF:lib\presentation\bloc\popular_tv_bloc\popular_tv_event.dart
DA:4,2
DA:8,0
DA:9,0
LF:3
LH:1
end_of_record
SF:lib\presentation\bloc\top_rated_tv_bloc\top_rated_tv_event.dart
DA:4,2
DA:8,0
DA:9,0
LF:3
LH:1
end_of_record
SF:lib\presentation\bloc\top_rated_tv_bloc\top_rated_tv_bloc.dart
DA:11,3
DA:12,2
DA:13,2
DA:15,3
DA:16,1
DA:17,2
DA:18,2
DA:20,2
DA:21,1
LF:9
LH:9
end_of_record
SF:lib\presentation\bloc\top_rated_tv_bloc\top_rated_tv_state.dart
DA:4,2
DA:6,1
DA:7,1
DA:17,2
DA:19,1
DA:20,2
DA:26,2
DA:28,1
DA:29,2
LF:9
LH:9
end_of_record
SF:lib\presentation\bloc\tv_detail_bloc\tv_detail_event.dart
DA:4,2
DA:10,2
DA:11,1
DA:12,2
LF:4
LH:4
end_of_record
SF:lib\presentation\bloc\tv_detail_bloc\tv_detail_state.dart
DA:4,2
DA:6,1
DA:7,1
DA:16,2
DA:18,1
DA:19,2
DA:25,2
DA:27,1
DA:28,2
LF:9
LH:9
end_of_record
SF:lib\presentation\bloc\tv_detail_bloc\tv_detail_bloc.dart
DA:11,3
DA:12,2
DA:13,2
DA:15,4
DA:16,1
DA:17,2
DA:18,2
DA:20,2
DA:21,1
LF:9
LH:9
end_of_record
SF:lib\presentation\bloc\tv_detail_bloc\tv_recommendations_state.dart
DA:4,2
DA:6,1
DA:7,1
DA:17,2
DA:19,1
DA:20,2
DA:26,2
DA:28,1
DA:29,2
LF:9
LH:9
end_of_record
SF:lib\presentation\bloc\tv_detail_bloc\tv_recommendations_event.dart
DA:4,2
DA:10,2
DA:11,1
DA:12,2
LF:4
LH:4
end_of_record
SF:lib\presentation\bloc\tv_detail_bloc\tv_recommendations_bloc.dart
DA:12,1
DA:13,2
DA:14,2
DA:15,2
DA:17,4
DA:18,1
DA:19,2
DA:20,2
DA:22,2
DA:23,1
LF:10
LH:10
end_of_record
SF:lib\presentation\bloc\tv_detail_bloc\tv_watchlist_bloc.dart
DA:15,1
DA:17,2
DA:18,2
DA:19,2
DA:20,2
DA:27,1
DA:29,2
DA:30,4
DA:32,1
DA:33,1
DA:34,3
DA:36,1
DA:37,1
DA:38,2
DA:43,1
DA:45,2
DA:46,4
DA:48,1
DA:49,1
DA:50,3
DA:52,1
DA:53,1
DA:54,2
DA:59,1
DA:61,4
DA:62,1
DA:63,3
LF:27
LH:27
end_of_record
SF:lib\presentation\bloc\tv_detail_bloc\tv_watchlist_event.dart
DA:4,2
DA:10,2
DA:11,2
DA:12,4
DA:18,1
DA:19,1
DA:20,2
DA:26,2
DA:27,1
DA:28,2
LF:10
LH:10
end_of_record
SF:lib\presentation\bloc\tv_detail_bloc\tv_watchlist_state.dart
DA:4,2
DA:6,1
DA:7,1
DA:14,2
DA:15,2
DA:16,4
DA:23,2
DA:25,2
DA:26,6
LF:9
LH:9
end_of_record
SF:lib\presentation\bloc\tv_home_bloc\airing_today_home_bloc.dart
DA:5,3
DA:6,2
DA:7,2
DA:9,3
DA:10,1
DA:11,2
DA:12,2
DA:14,2
DA:15,1
LF:9
LH:9
end_of_record
SF:lib\presentation\bloc\tv_home_bloc\top_rated_tv_home_bloc.dart
DA:5,3
DA:6,2
DA:7,2
DA:9,3
DA:10,1
DA:11,2
DA:12,2
DA:14,2
DA:15,1
LF:9
LH:9
end_of_record
SF:lib\presentation\bloc\tv_home_bloc\tv_home_event.dart
DA:4,3
DA:8,0
DA:9,0
LF:3
LH:1
end_of_record
SF:lib\presentation\bloc\tv_home_bloc\tv_home_state.dart
DA:4,3
DA:6,3
DA:7,3
DA:17,3
DA:18,3
DA:19,6
DA:24,3
DA:27,3
DA:28,6
LF:9
LH:9
end_of_record
SF:lib\presentation\bloc\tv_home_bloc\popular_tv_home_bloc.dart
DA:5,3
DA:6,2
DA:7,2
DA:9,3
DA:10,1
DA:11,2
DA:12,2
DA:14,2
DA:15,1
LF:9
LH:9
end_of_record
SF:lib\presentation\pages\detail_tv_page.dart
DA:18,1
DA:20,1
DA:21,1
DA:25,1
DA:27,1
DA:28,2
DA:29,3
DA:30,3
DA:32,3
DA:33,3
DA:35,3
DA:36,3
DA:41,1
DA:43,1
DA:44,1
DA:45,1
DA:46,1
DA:47,1
DA:48,1
DA:50,1
DA:51,1
DA:52,1
DA:53,1
DA:57,1
DA:58,1
DA:59,1
DA:60,1
DA:63,1
DA:73,1
DA:77,1
DA:79,3
DA:80,1
DA:81,1
DA:82,1
DA:83,3
DA:85,2
DA:86,1
DA:88,0
DA:90,1
DA:91,1
DA:92,1
DA:93,2
DA:95,2
DA:96,3
DA:97,2
DA:99,1
DA:100,2
DA:102,0
DA:103,0
DA:104,0
DA:106,1
DA:107,1
DA:109,2
DA:110,2
DA:115,1
DA:117,1
DA:118,1
DA:119,1
DA:125,1
DA:127,1
DA:128,1
DA:131,1
DA:132,1
DA:133,1
DA:135,1
DA:137,1
DA:139,1
DA:140,1
DA:141,2
DA:142,1
DA:144,1
DA:146,1
DA:147,1
DA:152,1
DA:153,1
DA:154,1
DA:155,1
DA:156,1
DA:157,1
DA:159,1
DA:160,3
DA:163,0
DA:164,0
DA:165,0
DA:168,1
DA:170,1
DA:171,1
DA:172,1
DA:173,1
DA:174,1
DA:179,1
DA:183,1
DA:184,3
DA:186,1
DA:187,3
DA:189,5
DA:191,2
DA:192,1
DA:193,1
DA:194,1
DA:195,3
DA:197,2
DA:203,4
DA:206,1
DA:207,1
DA:209,1
DA:211,1
DA:212,2
DA:214,1
DA:215,1
DA:217,1
DA:219,1
DA:221,1
DA:222,1
DA:223,1
DA:224,1
DA:225,1
DA:226,1
DA:229,1
DA:230,1
DA:231,1
DA:232,1
DA:234,1
DA:235,1
DA:237,1
DA:239,1
DA:241,2
DA:242,1
DA:244,1
DA:245,0
DA:246,0
DA:249,0
DA:252,1
DA:253,1
DA:254,1
DA:256,1
DA:258,2
DA:259,1
DA:260,1
DA:262,1
DA:265,0
DA:266,0
DA:272,2
DA:276,0
DA:291,1
DA:293,1
DA:296,1
DA:297,1
DA:298,1
DA:299,1
DA:300,1
DA:309,1
DA:311,2
DA:312,3
DA:315,1
DA:319,3
DA:322,1
DA:323,1
DA:324,1
DA:326,1
DA:327,0
DA:329,1
LF:162
LH:148
end_of_record
SF:lib\presentation\widgets\tv_air_date.dart
DA:5,1
DA:8,1
DA:12,1
DA:14,2
DA:15,4
DA:16,2
DA:17,2
DA:19,0
DA:22,0
DA:23,0
LF:10
LH:7
end_of_record
SF:lib\presentation\pages\popular_tv_series_page.dart
DA:11,1
DA:12,1
DA:16,1
DA:18,1
DA:19,1
DA:20,5
DA:24,1
DA:26,1
DA:27,1
DA:28,1
DA:29,1
DA:30,1
DA:31,1
DA:32,1
DA:35,1
DA:37,1
DA:39,1
DA:40,1
DA:41,1
DA:42,1
DA:43,1
DA:45,1
DA:46,1
DA:47,1
DA:48,2
DA:49,1
DA:51,2
DA:53,1
DA:54,1
DA:55,1
DA:56,2
DA:59,1
DA:60,1
DA:61,1
LF:34
LH:34
end_of_record
SF:lib\presentation\widgets\tv_card_list.dart
DA:9,2
DA:11,2
DA:13,2
DA:15,2
DA:16,0
DA:17,0
DA:20,0
DA:23,2
DA:25,2
DA:26,2
DA:27,2
DA:33,2
DA:35,2
DA:36,2
DA:37,4
DA:40,2
DA:42,2
DA:43,2
DA:44,4
DA:52,2
DA:57,2
DA:58,2
DA:59,6
DA:61,4
DA:62,2
DA:64,0
DA:66,4
LF:27
LH:23
end_of_record
SF:lib\presentation\pages\top_rated_tv_page.dart
DA:10,1
DA:11,1
DA:15,1
DA:17,1
DA:18,1
DA:19,5
DA:23,1
DA:25,1
DA:26,1
DA:27,1
DA:28,1
DA:29,1
DA:30,1
DA:31,1
DA:34,1
DA:36,1
DA:38,1
DA:39,1
DA:40,1
DA:41,1
DA:42,1
DA:44,1
DA:45,1
DA:46,1
DA:47,2
DA:48,1
DA:50,2
DA:52,1
DA:53,1
DA:54,1
DA:55,2
DA:58,1
DA:59,1
DA:60,1
LF:34
LH:34
end_of_record
SF:lib\presentation\pages\tv_series_page.dart
DA:11,0
DA:13,0
DA:14,0
DA:18,0
DA:20,0
DA:21,0
DA:22,0
DA:23,0
DA:26,0
DA:27,0
DA:28,0
DA:31,0
DA:32,0
DA:33,0
DA:38,0
DA:40,0
DA:41,0
DA:43,0
DA:44,0
DA:46,0
DA:48,0
DA:49,0
DA:50,0
DA:51,0
DA:52,0
DA:54,0
DA:55,0
DA:57,0
DA:61,0
DA:63,0
DA:64,0
DA:67,0
DA:68,0
DA:69,0
DA:70,0
DA:71,0
DA:73,0
DA:74,0
DA:76,0
DA:80,0
DA:82,0
DA:83,0
DA:86,0
DA:87,0
DA:88,0
DA:89,0
DA:90,0
DA:92,0
DA:93,0
DA:95,0
DA:104,0
DA:105,0
DA:107,0
DA:108,0
DA:110,0
DA:112,0
DA:114,0
DA:116,0
DA:117,0
DA:118,0
DA:119,0
LF:61
LH:0
end_of_record
SF:lib\presentation\widgets\tv_series_list.dart
DA:10,0
DA:12,0
DA:14,0
DA:16,0
DA:18,0
DA:19,0
DA:20,0
DA:22,0
DA:23,0
DA:24,0
DA:27,0
DA:30,0
DA:31,0
DA:32,0
DA:33,0
DA:34,0
DA:35,0
DA:37,0
DA:43,0
LF:19
LH:0
end_of_record
