SF:lib\data\datasource\movie_local_data_source.dart
DA:17,1
DA:20,1
DA:22,3
DA:25,2
DA:30,1
DA:32,3
DA:35,2
DA:40,1
DA:41,3
DA:43,1
DA:50,1
DA:51,3
DA:52,4
DA:56,0
DA:57,0
DA:58,0
DA:62,0
DA:63,0
DA:64,0
DA:65,0
DA:67,0
LF:21
LH:13
end_of_record
SF:lib\data\models\movie_table.dart
DA:12,2
DA:19,2
DA:20,1
DA:21,1
DA:22,1
DA:23,1
DA:26,2
DA:27,1
DA:28,1
DA:29,1
DA:30,1
DA:32,2
DA:33,1
DA:34,1
DA:35,1
DA:36,1
DA:39,0
DA:40,0
DA:41,0
DA:42,0
DA:43,0
DA:46,2
DA:47,1
DA:48,1
DA:49,1
DA:50,1
DA:53,2
DA:54,10
LF:28
LH:23
end_of_record
SF:lib\domain\entities\movie.dart
DA:5,12
DA:21,1
DA:42,8
DA:43,8
DA:44,8
DA:45,8
DA:46,8
DA:47,8
DA:48,8
DA:49,8
DA:50,8
DA:51,8
DA:52,8
DA:53,8
DA:54,8
DA:55,8
DA:56,8
LF:17
LH:17
end_of_record
SF:lib\domain\entities\movie_detail.dart
DA:5,7
DA:33,2
DA:34,2
DA:35,2
DA:36,2
DA:37,2
DA:38,2
DA:39,2
DA:40,2
DA:41,2
DA:42,2
DA:43,2
DA:44,2
DA:45,2
LF:14
LH:14
end_of_record
SF:lib\data\datasource\movie_remote_data_source.dart
DA:24,1
DA:27,1
DA:29,5
DA:31,2
DA:32,4
DA:34,1
DA:39,1
DA:41,5
DA:43,2
DA:44,3
DA:46,1
DA:51,1
DA:52,2
DA:53,3
DA:55,2
DA:56,4
DA:58,1
DA:63,1
DA:65,5
DA:67,2
DA:68,4
DA:70,1
DA:75,1
DA:77,5
DA:79,2
DA:80,4
DA:82,1
DA:87,1
DA:88,2
DA:89,3
DA:91,2
DA:92,4
DA:94,1
LF:33
LH:33
end_of_record
SF:lib\data\models\movie_detail_model.dart
DA:7,2
DA:53,1
DA:54,1
DA:55,1
DA:56,1
DA:57,1
DA:58,1
DA:59,4
DA:60,1
DA:61,1
DA:62,1
DA:63,1
DA:64,1
DA:65,1
DA:66,2
DA:67,1
DA:68,1
DA:69,1
DA:70,1
DA:71,1
DA:72,1
DA:73,1
DA:74,1
DA:75,2
DA:76,1
DA:79,0
DA:80,0
DA:81,0
DA:82,0
DA:83,0
DA:84,0
DA:85,0
DA:86,0
DA:87,0
DA:88,0
DA:89,0
DA:90,0
DA:91,0
DA:92,0
DA:93,0
DA:94,0
DA:95,0
DA:96,0
DA:97,0
DA:98,0
DA:99,0
DA:100,0
DA:103,1
DA:104,1
DA:105,1
DA:106,1
DA:107,5
DA:108,1
DA:109,1
DA:110,1
DA:111,1
DA:112,1
DA:113,1
DA:114,1
DA:115,1
DA:116,1
DA:120,1
DA:121,1
DA:122,1
DA:123,1
DA:124,1
DA:125,1
DA:126,1
DA:127,1
DA:128,1
DA:129,1
DA:130,1
DA:131,1
DA:132,1
DA:133,1
DA:134,1
DA:135,1
DA:136,1
DA:137,1
DA:138,1
DA:139,1
DA:140,1
DA:141,1
DA:142,1
LF:84
LH:62
end_of_record
SF:lib\data\models\movie_model.dart
DA:5,4
DA:35,4
DA:36,2
DA:37,2
DA:38,8
DA:39,2
DA:40,2
DA:41,2
DA:42,4
DA:43,2
DA:44,2
DA:45,2
DA:46,2
DA:47,4
DA:48,2
DA:51,2
DA:52,1
DA:53,1
DA:54,4
DA:55,1
DA:56,1
DA:57,1
DA:58,1
DA:59,1
DA:60,1
DA:61,1
DA:62,1
DA:63,1
DA:64,1
DA:67,2
DA:68,2
DA:69,2
DA:70,2
DA:71,2
DA:72,2
DA:73,2
DA:74,2
DA:75,2
DA:76,2
DA:77,2
DA:78,2
DA:79,2
DA:80,2
DA:81,2
DA:85,2
DA:86,2
DA:87,2
DA:88,2
DA:89,2
DA:90,2
DA:91,2
DA:92,2
DA:93,2
DA:94,2
DA:95,2
DA:96,2
DA:97,2
DA:98,2
DA:99,2
LF:59
LH:59
end_of_record
SF:lib\data\models\movie_response.dart
DA:8,2
DA:10,4
DA:11,4
DA:12,6
DA:13,6
DA:16,2
DA:17,5
DA:20,1
DA:21,2
LF:9
LH:9
end_of_record
SF:lib\data\repository\movie_repository_impl.dart
DA:16,1
DA:23,1
DA:24,3
DA:26,3
DA:27,2
DA:28,4
DA:29,5
DA:30,1
DA:31,2
DA:35,3
DA:36,5
DA:37,1
DA:38,3
DA:44,1
DA:46,3
DA:47,2
DA:48,1
DA:49,2
DA:50,1
DA:51,2
DA:56,1
DA:58,3
DA:59,3
DA:60,1
DA:61,2
DA:62,1
DA:63,2
DA:68,1
DA:70,3
DA:71,5
DA:72,1
DA:73,2
DA:74,1
DA:75,2
DA:80,1
DA:82,3
DA:83,5
DA:84,1
DA:85,2
DA:86,1
DA:87,2
DA:92,1
DA:94,3
DA:95,5
DA:96,1
DA:97,2
DA:98,1
DA:99,2
DA:104,1
DA:107,4
DA:108,1
DA:109,1
DA:110,3
DA:117,1
DA:120,4
DA:121,1
DA:122,1
DA:123,3
DA:128,1
DA:129,3
DA:134,1
DA:135,3
DA:136,5
LF:63
LH:63
end_of_record
SF:lib\domain\usecase\get_movie_detail.dart
DA:9,1
DA:11,1
DA:12,2
LF:3
LH:3
end_of_record
SF:lib\domain\usecase\get_movie_recommendations.dart
DA:9,1
DA:11,1
DA:12,2
LF:3
LH:3
end_of_record
SF:lib\domain\usecase\get_movie_watchlist_status.dart
DA:6,1
DA:8,1
DA:9,2
LF:3
LH:3
end_of_record
SF:lib\domain\usecase\get_now_playing_movies.dart
DA:9,1
DA:11,1
DA:12,2
LF:3
LH:3
end_of_record
SF:lib\domain\usecase\get_popular_movies.dart
DA:9,1
DA:11,1
DA:12,2
LF:3
LH:3
end_of_record
SF:lib\domain\usecase\remove_movie_watchlist.dart
DA:9,2
DA:11,2
DA:12,4
LF:3
LH:3
end_of_record
SF:lib\domain\usecase\get_watchlist_movies.dart
DA:9,1
DA:11,1
DA:12,2
LF:3
LH:3
end_of_record
SF:lib\domain\usecase\save_movie_watchlist.dart
DA:9,1
DA:11,1
DA:12,2
LF:3
LH:3
end_of_record
SF:lib\presentation\bloc\movie_detail_bloc\movie_detail_state.dart
DA:4,2
DA:6,1
DA:7,1
DA:16,2
DA:18,1
DA:19,2
DA:25,2
DA:27,1
DA:28,2
LF:9
LH:9
end_of_record
SF:lib\presentation\bloc\movie_detail_bloc\movie_detail_event.dart
DA:4,2
DA:10,2
DA:11,1
DA:12,2
LF:4
LH:4
end_of_record
SF:lib\presentation\bloc\movie_detail_bloc\movie_detail_bloc.dart
DA:11,3
DA:12,2
DA:13,2
DA:15,4
DA:16,1
DA:17,2
DA:18,2
DA:20,2
DA:21,1
LF:9
LH:9
end_of_record
SF:lib\presentation\bloc\movie_detail_bloc\movie_recommendations_bloc.dart
DA:12,1
DA:13,2
DA:14,2
DA:15,2
DA:17,4
DA:18,1
DA:19,2
DA:20,2
DA:22,2
DA:23,1
LF:10
LH:10
end_of_record
SF:lib\presentation\bloc\movie_detail_bloc\movie_recommendations_state.dart
DA:4,2
DA:6,1
DA:7,1
DA:17,2
DA:19,1
DA:20,2
DA:26,2
DA:28,1
DA:29,2
LF:9
LH:9
end_of_record
SF:lib\presentation\bloc\movie_detail_bloc\movie_recommendations_event.dart
DA:4,2
DA:10,2
DA:11,1
DA:12,2
LF:4
LH:4
end_of_record
SF:lib\presentation\bloc\movie_detail_bloc\movie_watchlist_detail_event.dart
DA:4,2
DA:10,2
DA:11,2
DA:12,4
DA:18,1
DA:19,1
DA:20,2
DA:26,2
DA:27,1
DA:28,2
LF:10
LH:10
end_of_record
SF:lib\presentation\bloc\movie_detail_bloc\movie_watchlist_detail_bloc.dart
DA:18,1
DA:22,2
DA:23,2
DA:24,2
DA:25,2
DA:32,1
DA:34,2
DA:35,4
DA:37,1
DA:38,1
DA:39,3
DA:41,1
DA:42,1
DA:43,2
DA:48,1
DA:50,2
DA:51,4
DA:53,1
DA:54,1
DA:55,3
DA:57,1
DA:58,1
DA:59,2
DA:64,1
DA:66,4
DA:67,1
DA:68,3
LF:27
LH:27
end_of_record
SF:lib\presentation\bloc\movie_detail_bloc\movie_watchlist_detail_state.dart
DA:4,2
DA:6,1
DA:7,1
DA:14,2
DA:15,2
DA:16,4
DA:23,2
DA:25,2
DA:26,6
LF:9
LH:9
end_of_record
SF:lib\domain\usecase\get_top_rated_movies.dart
DA:9,1
DA:11,1
DA:12,2
LF:3
LH:3
end_of_record
SF:lib\presentation\bloc\popular_movie_bloc\popular_movie_event.dart
DA:4,2
DA:8,0
DA:9,0
LF:3
LH:1
end_of_record
SF:lib\presentation\bloc\popular_movie_bloc\popular_movie_state.dart
DA:4,2
DA:6,1
DA:7,1
DA:17,2
DA:19,1
DA:20,2
DA:26,2
DA:28,1
DA:29,2
LF:9
LH:9
end_of_record
SF:lib\presentation\bloc\popular_movie_bloc\popular_movie_bloc.dart
DA:11,3
DA:12,2
DA:13,2
DA:15,3
DA:16,1
DA:17,2
DA:18,2
DA:20,2
DA:21,1
LF:9
LH:9
end_of_record
SF:lib\presentation\bloc\top_rated_movie_bloc\top_rated_movie_event.dart
DA:4,2
DA:8,0
DA:9,0
LF:3
LH:1
end_of_record
SF:lib\presentation\bloc\top_rated_movie_bloc\top_rated_movie_state.dart
DA:4,2
DA:6,1
DA:7,1
DA:17,2
DA:19,1
DA:20,2
DA:26,2
DA:28,1
DA:29,2
LF:9
LH:9
end_of_record
SF:lib\presentation\bloc\top_rated_movie_bloc\top_rated_movie_bloc.dart
DA:11,3
DA:12,2
DA:13,2
DA:15,3
DA:16,1
DA:17,2
DA:18,2
DA:20,2
DA:21,1
LF:9
LH:9
end_of_record
SF:lib\presentation\pages\movie_detail_page.dart
DA:19,1
DA:21,1
DA:22,1
DA:26,1
DA:28,1
DA:29,2
DA:30,3
DA:31,3
DA:33,3
DA:34,3
DA:36,3
DA:37,3
DA:42,1
DA:44,1
DA:45,1
DA:46,1
DA:47,1
DA:48,1
DA:49,1
DA:51,1
DA:52,1
DA:53,1
DA:54,1
DA:58,1
DA:59,1
DA:60,1
DA:61,1
DA:64,1
DA:75,1
DA:77,1
DA:79,3
DA:80,1
DA:81,1
DA:82,1
DA:83,3
DA:85,2
DA:86,1
DA:88,0
DA:90,1
DA:91,1
DA:92,1
DA:93,2
DA:95,2
DA:96,3
DA:97,2
DA:99,1
DA:100,2
DA:102,0
DA:103,0
DA:104,0
DA:106,1
DA:107,1
DA:109,2
DA:110,2
DA:115,1
DA:117,1
DA:118,1
DA:119,1
DA:120,1
DA:123,2
DA:130,1
DA:131,1
DA:132,1
DA:134,1
DA:136,1
DA:138,1
DA:139,1
DA:140,2
DA:141,1
DA:143,1
DA:145,1
DA:146,1
DA:151,1
DA:152,1
DA:153,1
DA:154,1
DA:155,1
DA:156,1
DA:158,1
DA:159,3
DA:162,0
DA:163,0
DA:166,1
DA:168,1
DA:169,1
DA:170,1
DA:171,1
DA:172,1
DA:177,1
DA:181,1
DA:182,3
DA:184,1
DA:185,3
DA:187,1
DA:188,1
DA:189,1
DA:190,3
DA:192,2
DA:198,4
DA:201,1
DA:202,1
DA:204,1
DA:206,1
DA:207,2
DA:209,1
DA:210,1
DA:212,1
DA:214,1
DA:216,1
DA:217,1
DA:218,1
DA:219,1
DA:220,1
DA:221,1
DA:225,1
DA:226,1
DA:227,1
DA:228,1
DA:231,1
DA:232,1
DA:234,1
DA:236,1
DA:238,2
DA:239,1
DA:241,1
DA:242,0
DA:243,0
DA:246,0
DA:249,1
DA:250,1
DA:251,1
DA:253,1
DA:255,2
DA:256,1
DA:257,1
DA:259,1
DA:262,0
DA:263,0
DA:269,2
DA:273,0
DA:281,1
DA:283,1
DA:299,1
DA:301,1
DA:304,1
DA:305,1
DA:306,1
DA:307,1
DA:308,1
DA:317,1
DA:319,2
DA:320,3
DA:323,1
DA:327,3
DA:330,1
DA:331,1
DA:332,1
DA:334,1
DA:335,1
DA:337,0
LF:160
LH:147
end_of_record
SF:lib\presentation\bloc\movie_home_bloc\popular_movie_home_bloc.dart
DA:5,3
DA:6,2
DA:7,2
DA:9,3
DA:10,1
DA:11,1
DA:12,3
DA:14,1
DA:15,2
LF:9
LH:9
end_of_record
SF:lib\presentation\bloc\movie_home_bloc\now_playing_movie_home_bloc.dart
DA:5,3
DA:6,2
DA:7,2
DA:9,3
DA:10,1
DA:11,2
DA:12,2
DA:14,2
DA:15,1
LF:9
LH:9
end_of_record
SF:lib\presentation\bloc\movie_home_bloc\top_rated_movie_home_bloc.dart
DA:5,3
DA:6,2
DA:7,2
DA:9,3
DA:10,1
DA:11,1
DA:12,3
DA:14,1
DA:15,2
LF:9
LH:9
end_of_record
SF:lib\presentation\bloc\movie_home_bloc\movie_home_state.dart
DA:4,3
DA:6,3
DA:7,3
DA:17,3
DA:18,3
DA:19,6
DA:24,3
DA:27,3
DA:28,6
LF:9
LH:9
end_of_record
SF:lib\presentation\bloc\movie_home_bloc\movie_home_event.dart
DA:4,3
DA:8,0
DA:9,0
LF:3
LH:1
end_of_record
SF:lib\presentation\pages\popular_movies_page.dart
DA:11,1
DA:12,1
DA:16,1
DA:18,1
DA:19,1
DA:20,4
DA:21,1
DA:26,1
DA:28,1
DA:29,1
DA:30,1
DA:31,1
DA:32,1
DA:35,1
DA:36,1
DA:39,1
DA:41,1
DA:43,1
DA:44,1
DA:45,1
DA:46,1
DA:47,1
DA:49,1
DA:50,1
DA:51,1
DA:52,2
DA:53,1
DA:55,2
DA:57,1
DA:58,1
DA:59,1
DA:60,2
DA:63,1
DA:64,1
DA:65,1
LF:35
LH:35
end_of_record
SF:lib\presentation\widgets\movie_card_list.dart
DA:12,2
DA:14,2
DA:16,2
DA:18,2
DA:19,0
DA:20,0
DA:23,0
DA:26,2
DA:28,2
DA:29,2
DA:30,2
DA:36,2
DA:38,2
DA:39,2
DA:40,4
DA:43,2
DA:45,2
DA:46,2
DA:47,4
DA:55,2
DA:60,2
DA:61,2
DA:62,6
DA:64,4
DA:65,2
DA:67,0
DA:69,4
LF:27
LH:23
end_of_record
SF:lib\presentation\pages\top_rated_movies_page.dart
DA:11,1
DA:12,1
DA:16,1
DA:18,1
DA:19,1
DA:20,4
DA:21,1
DA:26,1
DA:28,1
DA:29,1
DA:30,1
DA:31,1
DA:32,1
DA:33,1
DA:35,1
DA:39,1
DA:41,1
DA:43,1
DA:44,1
DA:45,1
DA:46,1
DA:47,1
DA:49,1
DA:50,1
DA:51,1
DA:52,2
DA:53,1
DA:55,2
DA:57,1
DA:58,1
DA:59,1
DA:60,2
DA:63,1
DA:64,1
DA:65,1
LF:35
LH:35
end_of_record
